1592878910899:ls
1592878914511:help
1592878928690:staktrace
1592878939007:stacktrace
1592878977261:exit
1592880042015:help
1592880091530:request-response
1592880101123:stacktrace
1592880117120:exit
1592880189372:help
1592880195047:request-response
1592880249682:script
1592880254848:stacktrace
1592880283522:exit
1592880341397:heop
1592880342852:help
1592880350616:request-response
1592880414652:debug
1592880439228:exit
1592892215364:help
1592892222408:fire-and-forget
1592892227767:fire-and-forget sample
1592892312565:fire-and-forget
1592892663343:stacktrace
1592892678707:help
1592892686329:exit
1592892713263:help
1592892726825:fire-and-forget
1592892740214:request-response
1592892757999:fire-and-forget
1592892940762:help
1592892945387:fire-and-forget
1592893191086:quit
1592893205440:fire-and-forget
1592893214915:help
1592893219134:request-response
1592893236373:fire-and-forget
1592893526560:quit
1592893607574:help
1592893610743:fire-and-forget
1592893636416:quit
1592893681090:help
1592893686489:fire-and-forget
1592893693946:help
1592893696795:request-response
1592893704984:fire-and-forget
1592893724410:request-response
1592893812800:fire-and-forget
1592893903471:request-response
1592895057265:stacktrace
1592895060591:exit
1592895076297:help
1592895082294:quit
1592895579435:help
1592895582931:stream
1592895616547:ssss
1592895618549:s
1592895626247:stackstrace
1592895631192:stream
1592895635551:s
1592895680689:stream
1592895699382:s
1592909690047:exit
1592909737976:help
1592909742999:channel
1592909874579:stacktrace
1592909880560:s
1592909885450:stacktrace
1592909887673:exit
1592909940984:help
1592909944926:channel
1592910048919:s
1592910051397:exit
